Case #1: our language is impossible to understand
Case #2: there are twenty six factorial possibilities
Case #3: so it is okay if you want to just give up
Case #4: xoggk d yl wxo vkkvgo ekso uyl wonw sywy
Case #5: xkf yto akj
Case #6: yabba dabba yabba dabba yabba dabba yabba dabba yabba dabba yabba dabba yabba dabba yabba dooooooooo
Case #7: a b c d e f g h i j k l m n o p q r s t u v y w x y z now i know my abcs
Case #8: next time wont you sing with me
Case #9: oh yeah alright were gonna shake it up with the party bear tonight
Case #10: for those who speak in a tongue do not speak to other people
Case #11: nobody understands them since they are speaking mysteries in the spirit
Case #12: you pissed off the chicken lady
Case #13: our code jam is like the pythagorean theorem
Case #14: there is no answer
Case #15: dr zaius dr zaius dr zaius dr zaius ooooooooooooh dr zaius
Case #16: each of us has his own special gift and you know this was meant to be true
Case #17: and if you dont underestimate me i wont underestimate you
Case #18: you want sell things at me boing zooom
Case #19: now that you know googlerese please do not use it to hack into our systems
Case #20: in a world of direwolves and lions sometimes the rarest creature is a friend
Case #21: right i forgot here in the states you call it a sausage in the mouth
Case #22: you better cut the pizza in four pieces because im not hungry enough to eat six
Case #23: oh hai im in ur computer eating your cheezburgers and googleresing your textz
Case #24: buff tryndamere and amumu
Case #25: you know you want to
Case #26: thank you but the real googlerese is in another castle
Case #27: greetings cheese popsicle the number you have dialed is currently out of porkchops
Case #28: friends dont let friends let scientific progress go boink
Case #29: translating text is not goros strength
Case #30: strength is goros strength
